C51 COMPILER V9.60.0.0   MAIN                                                              08/16/2022 16:44:26 PAGE 1   


C51 COMPILER V9.60.0.0, COMPILATION OF MODULE MAIN
OBJECT MODULE PLACED IN .\Objects\main.obj
COMPILER INVOKED BY: D:\Program Files\Keil_v5\C51\BIN\C51.EXE ..\User\main.c OPTIMIZE(8,SPEED) BROWSE INCDIR(..\User) DE
                    -BUG OBJECTEXTEND PRINT(.\Listings\main.lst) TABS(2) OBJECT(.\Objects\main.obj)

line level    source

   1          /*---------------------------------------------------------------------*/
   2          /* --- STC MCU Limited ------------------------------------------------*/
   3          /* --- STC 1T Series MCU Demo Programme -------------------------------*/
   4          /* --- Mobile: (86)13922805190 ----------------------------------------*/
   5          /* --- Fax: 86-0513-55012956,55012947,55012969 ------------------------*/
   6          /* --- Tel: 86-0513-55012928,55012929,55012966 ------------------------*/
   7          /* --- Web: www.STCMCU.com --------------------------------------------*/
   8          /* --- Web: www.STCMCUDATA.com  ---------------------------------------*/
   9          /* --- QQ:  800003751 -------------------------------------------------*/
  10          /* 如果要在程序中使用此代码,请在程序中注明使用了STC的资料及程序            */
  11          /*---------------------------------------------------------------------*/
  12          
  13          #include  "config.h"
  14          #include  "GPIO.h"
  15          #include  "delay.h"
  16          #include  "spi.h"
  17          /***************  功能说明  ****************
  18          
  19          本例程基于STC8H8K64U为主控芯片的实验箱8进行编写测试，STC8G、STC8H系列芯片可通用参考.
  20          
  21          程序使用P6口来演示跑马灯，输出低驱动。
  22          
  23          下载时, 选择时钟 24MHz (可以在配置文件"config.h"中修改).
  24          
  25          ******************************************/
  26          
  27          /*************  本地常量声明  **************/
  28          u8 code ledNum[]={0x01,0x02,0x04,0x08,0x10,0x20,0x40,0x80};
  29          u8 P3_status = 0;
  30          u8 P5_status = 0;
  31          
  32          /*************  本地变量声明  **************/
  33          u8 ledIndex;
  34          
  35          
  36          /*************  本地函数声明  **************/
  37          
  38          
  39          /*************  外部函数和变量声明 *****************/
  40          
  41          
  42          /******************** IO配置函数 **************************/
  43          void  GPIO_config(void)
  44          {
  45   1        GPIO_InitTypeDef  GPIO_InitStructure;   //结构定义
  46   1      
  47   1        GPIO_InitStructure.Pin  = GPIO_Pin_4;   //指定要初始化的IO, GPIO_Pin_0 ~ GPIO_Pin_7
  48   1        GPIO_InitStructure.Mode = GPIO_PullUp;    //指定IO的输入或输出方式,GPIO_PullUp,GPIO_HighZ,GPIO_OUT_OD,GPIO_
             -OUT_PP
  49   1        GPIO_Inilize(GPIO_P5,&GPIO_InitStructure);  //初始化
  50   1        
  51   1        GPIO_InitStructure.Pin  = GPIO_Pin_2;   //指定要初始化的IO, GPIO_Pin_0 ~ GPIO_Pin_7
  52   1        GPIO_InitStructure.Mode = GPIO_PullUp;    //指定IO的输入或输出方式,GPIO_PullUp,GPIO_HighZ,GPIO_OUT_OD,GPIO_
             -OUT_PP
C51 COMPILER V9.60.0.0   MAIN                                                              08/16/2022 16:44:26 PAGE 2   

  53   1        GPIO_Inilize(GPIO_P3,&GPIO_InitStructure);  //初始化
  54   1      }
  55          
  56          
  57          /****************  SPI初始化函数 *****************/
  58          void  SPI_config(void)
  59          {
  60   1        SPI_InitTypeDef   SPI_InitStructure;
  61   1        SPI_InitStructure.SPI_Module    = ENABLE;           //SPI启动    ENABLE, DISABLE
  62   1        SPI_InitStructure.SPI_SSIG      = DISABLE;          //片选位     ENABLE, DISABLE
  63   1        SPI_InitStructure.SPI_FirstBit  = SPI_MSB;          //移位方向   SPI_MSB, SPI_LSB
  64   1        SPI_InitStructure.SPI_Mode      = SPI_Mode_Master;    //主从选择   SPI_Mode_Master, SPI_Mode_Slave
  65   1        SPI_InitStructure.SPI_CPOL      = SPI_CPOL_Low;    //时钟相位   SPI_CPOL_High,   SPI_CPOL_Low
  66   1        SPI_InitStructure.SPI_CPHA      = SPI_CPHA_2Edge;   //数据边沿   SPI_CPHA_1Edge,  SPI_CPHA_2Edge
  67   1        SPI_InitStructure.SPI_Interrupt = DISABLE;        //中断允许   ENABLE,DISABLE
  68   1        SPI_InitStructure.SPI_Speed     = SPI_Speed_4;      //SPI速度    SPI_Speed_4, SPI_Speed_16, SPI_Speed_64, S
             -PI_Speed_128
  69   1        SPI_InitStructure.SPI_IoUse     = 0; //IO口切换   STC8G1K08A
  70   1        SPI_Init(&SPI_InitStructure);
  71   1        
  72   1        //SPI_SS_2 = 1;
  73   1      }
  74          
  75          #define ESPI        0x02
  76          
  77          
  78          void SPI_Isr() interrupt 9
  79          {
  80   1          SPSTAT = 0xc0;                              //清中断标志
  81   1          //P10 = !P10;                                 //测试端口
  82   1      }
  83          
  84          
  85          /******************** 主函数 **************************/
  86          void main(void)
  87          {
  88   1        GPIO_config();
  89   1        SPI_config();
  90   1        
  91   1      
  92   1        
  93   1      
  94   1        ledIndex = 0;
  95   1        while(1)
  96   1        {
  97   2      
  98   2      
  99   2          //SPI_WriteByte(0x5a);
 100   2          SPDAT = 0x5a;
 101   2          //delay_ms(1);
 102   2          ledIndex++;
 103   2          if(ledIndex > 7)
 104   2          {
 105   3            ledIndex = 0;
 106   3          }
 107   2          //delay_ms(25);
 108   2          //delay_ms(25);
 109   2        }
 110   1      }
 111          
 112          

C51 COMPILER V9.60.0.0   MAIN                                                              08/16/2022 16:44:26 PAGE 3   


MODULE INFORMATION:   STATIC OVERLAYABLE
   CODE SIZE        =     95    ----
   CONSTANT SIZE    =      8    ----
   XDATA SIZE       =   ----    ----
   PDATA SIZE       =   ----    ----
   DATA SIZE        =      3      11
   IDATA SIZE       =   ----    ----
   BIT SIZE         =   ----    ----
END OF MODULE INFORMATION.


C51 COMPILATION COMPLETE.  0 WARNING(S),  0 ERROR(S)
